[2024-06-25T10:46:01.562+0000] {processor.py:161} INFO - Started process (PID=304) to work on /opt/airflow/dags/simple_dag.py
[2024-06-25T10:46:01.564+0000] {processor.py:830} INFO - Processing file /opt/airflow/dags/simple_dag.py for tasks to queue
[2024-06-25T10:46:01.566+0000] {logging_mixin.py:188} INFO - [2024-06-25T10:46:01.566+0000] {dagbag.py:545} INFO - Filling up the DagBag from /opt/airflow/dags/simple_dag.py
[2024-06-25T10:46:02.155+0000] {processor.py:840} INFO - DAG(s) 'web_scraping_etl' retrieved from /opt/airflow/dags/simple_dag.py
[2024-06-25T10:46:02.181+0000] {logging_mixin.py:188} INFO - [2024-06-25T10:46:02.180+0000] {dag.py:3096} INFO - Sync 1 DAGs
[2024-06-25T10:46:02.203+0000] {logging_mixin.py:188} INFO - [2024-06-25T10:46:02.203+0000] {dag.py:3954} INFO - Setting next_dagrun for web_scraping_etl to 2024-06-25 00:00:00+00:00, run_after=2024-06-26 00:00:00+00:00
[2024-06-25T10:46:02.225+0000] {processor.py:183} INFO - Processing /opt/airflow/dags/simple_dag.py took 0.669 seconds
[2024-06-25T10:46:32.483+0000] {processor.py:161} INFO - Started process (PID=311) to work on /opt/airflow/dags/simple_dag.py
[2024-06-25T10:46:32.485+0000] {processor.py:830} INFO - Processing file /opt/airflow/dags/simple_dag.py for tasks to queue
[2024-06-25T10:46:32.487+0000] {logging_mixin.py:188} INFO - [2024-06-25T10:46:32.487+0000] {dagbag.py:545} INFO - Filling up the DagBag from /opt/airflow/dags/simple_dag.py
[2024-06-25T10:46:33.140+0000] {processor.py:840} INFO - DAG(s) 'web_scraping_etl' retrieved from /opt/airflow/dags/simple_dag.py
[2024-06-25T10:46:33.164+0000] {logging_mixin.py:188} INFO - [2024-06-25T10:46:33.163+0000] {dag.py:3096} INFO - Sync 1 DAGs
[2024-06-25T10:46:33.192+0000] {logging_mixin.py:188} INFO - [2024-06-25T10:46:33.192+0000] {dag.py:3954} INFO - Setting next_dagrun for web_scraping_etl to 2024-06-25 00:00:00+00:00, run_after=2024-06-26 00:00:00+00:00
[2024-06-25T10:46:33.210+0000] {processor.py:183} INFO - Processing /opt/airflow/dags/simple_dag.py took 0.733 seconds
[2024-06-25T10:47:03.561+0000] {processor.py:161} INFO - Started process (PID=319) to work on /opt/airflow/dags/simple_dag.py
[2024-06-25T10:47:03.563+0000] {processor.py:830} INFO - Processing file /opt/airflow/dags/simple_dag.py for tasks to queue
[2024-06-25T10:47:03.565+0000] {logging_mixin.py:188} INFO - [2024-06-25T10:47:03.565+0000] {dagbag.py:545} INFO - Filling up the DagBag from /opt/airflow/dags/simple_dag.py
[2024-06-25T10:47:04.177+0000] {processor.py:840} INFO - DAG(s) 'web_scraping_etl' retrieved from /opt/airflow/dags/simple_dag.py
[2024-06-25T10:47:04.201+0000] {logging_mixin.py:188} INFO - [2024-06-25T10:47:04.201+0000] {dag.py:3096} INFO - Sync 1 DAGs
[2024-06-25T10:47:04.220+0000] {logging_mixin.py:188} INFO - [2024-06-25T10:47:04.220+0000] {dag.py:3954} INFO - Setting next_dagrun for web_scraping_etl to 2024-06-25 00:00:00+00:00, run_after=2024-06-26 00:00:00+00:00
[2024-06-25T10:47:04.241+0000] {processor.py:183} INFO - Processing /opt/airflow/dags/simple_dag.py took 0.686 seconds
[2024-06-25T10:47:34.328+0000] {processor.py:161} INFO - Started process (PID=327) to work on /opt/airflow/dags/simple_dag.py
[2024-06-25T10:47:34.329+0000] {processor.py:830} INFO - Processing file /opt/airflow/dags/simple_dag.py for tasks to queue
[2024-06-25T10:47:34.332+0000] {logging_mixin.py:188} INFO - [2024-06-25T10:47:34.331+0000] {dagbag.py:545} INFO - Filling up the DagBag from /opt/airflow/dags/simple_dag.py
[2024-06-25T10:47:34.971+0000] {processor.py:840} INFO - DAG(s) 'web_scraping_etl' retrieved from /opt/airflow/dags/simple_dag.py
[2024-06-25T10:47:34.995+0000] {logging_mixin.py:188} INFO - [2024-06-25T10:47:34.994+0000] {dag.py:3096} INFO - Sync 1 DAGs
[2024-06-25T10:47:35.014+0000] {logging_mixin.py:188} INFO - [2024-06-25T10:47:35.014+0000] {dag.py:3954} INFO - Setting next_dagrun for web_scraping_etl to 2024-06-25 00:00:00+00:00, run_after=2024-06-26 00:00:00+00:00
[2024-06-25T10:47:35.036+0000] {processor.py:183} INFO - Processing /opt/airflow/dags/simple_dag.py took 0.715 seconds
[2024-06-25T10:48:05.336+0000] {processor.py:161} INFO - Started process (PID=335) to work on /opt/airflow/dags/simple_dag.py
[2024-06-25T10:48:05.339+0000] {processor.py:830} INFO - Processing file /opt/airflow/dags/simple_dag.py for tasks to queue
[2024-06-25T10:48:05.341+0000] {logging_mixin.py:188} INFO - [2024-06-25T10:48:05.341+0000] {dagbag.py:545} INFO - Filling up the DagBag from /opt/airflow/dags/simple_dag.py
[2024-06-25T10:48:05.918+0000] {processor.py:840} INFO - DAG(s) 'web_scraping_etl' retrieved from /opt/airflow/dags/simple_dag.py
[2024-06-25T10:48:05.939+0000] {logging_mixin.py:188} INFO - [2024-06-25T10:48:05.938+0000] {dag.py:3096} INFO - Sync 1 DAGs
[2024-06-25T10:48:05.959+0000] {logging_mixin.py:188} INFO - [2024-06-25T10:48:05.959+0000] {dag.py:3954} INFO - Setting next_dagrun for web_scraping_etl to 2024-06-25 00:00:00+00:00, run_after=2024-06-26 00:00:00+00:00
[2024-06-25T10:48:05.979+0000] {processor.py:183} INFO - Processing /opt/airflow/dags/simple_dag.py took 0.650 seconds
[2024-06-25T10:48:36.397+0000] {processor.py:161} INFO - Started process (PID=343) to work on /opt/airflow/dags/simple_dag.py
[2024-06-25T10:48:36.398+0000] {processor.py:830} INFO - Processing file /opt/airflow/dags/simple_dag.py for tasks to queue
[2024-06-25T10:48:36.400+0000] {logging_mixin.py:188} INFO - [2024-06-25T10:48:36.399+0000] {dagbag.py:545} INFO - Filling up the DagBag from /opt/airflow/dags/simple_dag.py
[2024-06-25T10:48:37.095+0000] {processor.py:840} INFO - DAG(s) 'web_scraping_etl' retrieved from /opt/airflow/dags/simple_dag.py
[2024-06-25T10:48:37.115+0000] {logging_mixin.py:188} INFO - [2024-06-25T10:48:37.114+0000] {dag.py:3096} INFO - Sync 1 DAGs
[2024-06-25T10:48:37.130+0000] {logging_mixin.py:188} INFO - [2024-06-25T10:48:37.130+0000] {dag.py:3954} INFO - Setting next_dagrun for web_scraping_etl to 2024-06-25 00:00:00+00:00, run_after=2024-06-26 00:00:00+00:00
[2024-06-25T10:48:37.146+0000] {processor.py:183} INFO - Processing /opt/airflow/dags/simple_dag.py took 0.756 seconds
[2024-06-25T10:49:07.249+0000] {processor.py:161} INFO - Started process (PID=351) to work on /opt/airflow/dags/simple_dag.py
[2024-06-25T10:49:07.250+0000] {processor.py:830} INFO - Processing file /opt/airflow/dags/simple_dag.py for tasks to queue
[2024-06-25T10:49:07.253+0000] {logging_mixin.py:188} INFO - [2024-06-25T10:49:07.252+0000] {dagbag.py:545} INFO - Filling up the DagBag from /opt/airflow/dags/simple_dag.py
[2024-06-25T10:49:07.853+0000] {processor.py:840} INFO - DAG(s) 'web_scraping_etl' retrieved from /opt/airflow/dags/simple_dag.py
[2024-06-25T10:49:07.875+0000] {logging_mixin.py:188} INFO - [2024-06-25T10:49:07.875+0000] {dag.py:3096} INFO - Sync 1 DAGs
[2024-06-25T10:49:07.895+0000] {logging_mixin.py:188} INFO - [2024-06-25T10:49:07.895+0000] {dag.py:3954} INFO - Setting next_dagrun for web_scraping_etl to 2024-06-25 00:00:00+00:00, run_after=2024-06-26 00:00:00+00:00
[2024-06-25T10:49:07.916+0000] {processor.py:183} INFO - Processing /opt/airflow/dags/simple_dag.py took 0.674 seconds
[2024-06-25T10:49:38.222+0000] {processor.py:161} INFO - Started process (PID=359) to work on /opt/airflow/dags/simple_dag.py
[2024-06-25T10:49:38.223+0000] {processor.py:830} INFO - Processing file /opt/airflow/dags/simple_dag.py for tasks to queue
[2024-06-25T10:49:38.226+0000] {logging_mixin.py:188} INFO - [2024-06-25T10:49:38.225+0000] {dagbag.py:545} INFO - Filling up the DagBag from /opt/airflow/dags/simple_dag.py
[2024-06-25T10:49:38.801+0000] {processor.py:840} INFO - DAG(s) 'web_scraping_etl' retrieved from /opt/airflow/dags/simple_dag.py
[2024-06-25T10:49:38.824+0000] {logging_mixin.py:188} INFO - [2024-06-25T10:49:38.824+0000] {dag.py:3096} INFO - Sync 1 DAGs
[2024-06-25T10:49:38.846+0000] {logging_mixin.py:188} INFO - [2024-06-25T10:49:38.846+0000] {dag.py:3954} INFO - Setting next_dagrun for web_scraping_etl to 2024-06-25 00:00:00+00:00, run_after=2024-06-26 00:00:00+00:00
[2024-06-25T10:49:38.866+0000] {processor.py:183} INFO - Processing /opt/airflow/dags/simple_dag.py took 0.651 seconds
