[2024-06-25T10:46:01.562+0000] {processor.py:161} INFO - Started process (PID=304) to work on /opt/airflow/dags/simple_dag.py
[2024-06-25T10:46:01.564+0000] {processor.py:830} INFO - Processing file /opt/airflow/dags/simple_dag.py for tasks to queue
[2024-06-25T10:46:01.566+0000] {logging_mixin.py:188} INFO - [2024-06-25T10:46:01.566+0000] {dagbag.py:545} INFO - Filling up the DagBag from /opt/airflow/dags/simple_dag.py
[2024-06-25T10:46:02.155+0000] {processor.py:840} INFO - DAG(s) 'web_scraping_etl' retrieved from /opt/airflow/dags/simple_dag.py
[2024-06-25T10:46:02.181+0000] {logging_mixin.py:188} INFO - [2024-06-25T10:46:02.180+0000] {dag.py:3096} INFO - Sync 1 DAGs
[2024-06-25T10:46:02.203+0000] {logging_mixin.py:188} INFO - [2024-06-25T10:46:02.203+0000] {dag.py:3954} INFO - Setting next_dagrun for web_scraping_etl to 2024-06-25 00:00:00+00:00, run_after=2024-06-26 00:00:00+00:00
[2024-06-25T10:46:02.225+0000] {processor.py:183} INFO - Processing /opt/airflow/dags/simple_dag.py took 0.669 seconds
[2024-06-25T10:46:32.483+0000] {processor.py:161} INFO - Started process (PID=311) to work on /opt/airflow/dags/simple_dag.py
[2024-06-25T10:46:32.485+0000] {processor.py:830} INFO - Processing file /opt/airflow/dags/simple_dag.py for tasks to queue
[2024-06-25T10:46:32.487+0000] {logging_mixin.py:188} INFO - [2024-06-25T10:46:32.487+0000] {dagbag.py:545} INFO - Filling up the DagBag from /opt/airflow/dags/simple_dag.py
[2024-06-25T10:46:33.140+0000] {processor.py:840} INFO - DAG(s) 'web_scraping_etl' retrieved from /opt/airflow/dags/simple_dag.py
[2024-06-25T10:46:33.164+0000] {logging_mixin.py:188} INFO - [2024-06-25T10:46:33.163+0000] {dag.py:3096} INFO - Sync 1 DAGs
[2024-06-25T10:46:33.192+0000] {logging_mixin.py:188} INFO - [2024-06-25T10:46:33.192+0000] {dag.py:3954} INFO - Setting next_dagrun for web_scraping_etl to 2024-06-25 00:00:00+00:00, run_after=2024-06-26 00:00:00+00:00
[2024-06-25T10:46:33.210+0000] {processor.py:183} INFO - Processing /opt/airflow/dags/simple_dag.py took 0.733 seconds
[2024-06-25T10:47:03.561+0000] {processor.py:161} INFO - Started process (PID=319) to work on /opt/airflow/dags/simple_dag.py
[2024-06-25T10:47:03.563+0000] {processor.py:830} INFO - Processing file /opt/airflow/dags/simple_dag.py for tasks to queue
[2024-06-25T10:47:03.565+0000] {logging_mixin.py:188} INFO - [2024-06-25T10:47:03.565+0000] {dagbag.py:545} INFO - Filling up the DagBag from /opt/airflow/dags/simple_dag.py
[2024-06-25T10:47:04.177+0000] {processor.py:840} INFO - DAG(s) 'web_scraping_etl' retrieved from /opt/airflow/dags/simple_dag.py
[2024-06-25T10:47:04.201+0000] {logging_mixin.py:188} INFO - [2024-06-25T10:47:04.201+0000] {dag.py:3096} INFO - Sync 1 DAGs
[2024-06-25T10:47:04.220+0000] {logging_mixin.py:188} INFO - [2024-06-25T10:47:04.220+0000] {dag.py:3954} INFO - Setting next_dagrun for web_scraping_etl to 2024-06-25 00:00:00+00:00, run_after=2024-06-26 00:00:00+00:00
[2024-06-25T10:47:04.241+0000] {processor.py:183} INFO - Processing /opt/airflow/dags/simple_dag.py took 0.686 seconds
[2024-06-25T10:47:34.328+0000] {processor.py:161} INFO - Started process (PID=327) to work on /opt/airflow/dags/simple_dag.py
[2024-06-25T10:47:34.329+0000] {processor.py:830} INFO - Processing file /opt/airflow/dags/simple_dag.py for tasks to queue
[2024-06-25T10:47:34.332+0000] {logging_mixin.py:188} INFO - [2024-06-25T10:47:34.331+0000] {dagbag.py:545} INFO - Filling up the DagBag from /opt/airflow/dags/simple_dag.py
[2024-06-25T10:47:34.971+0000] {processor.py:840} INFO - DAG(s) 'web_scraping_etl' retrieved from /opt/airflow/dags/simple_dag.py
[2024-06-25T10:47:34.995+0000] {logging_mixin.py:188} INFO - [2024-06-25T10:47:34.994+0000] {dag.py:3096} INFO - Sync 1 DAGs
[2024-06-25T10:47:35.014+0000] {logging_mixin.py:188} INFO - [2024-06-25T10:47:35.014+0000] {dag.py:3954} INFO - Setting next_dagrun for web_scraping_etl to 2024-06-25 00:00:00+00:00, run_after=2024-06-26 00:00:00+00:00
[2024-06-25T10:47:35.036+0000] {processor.py:183} INFO - Processing /opt/airflow/dags/simple_dag.py took 0.715 seconds
[2024-06-25T10:48:05.336+0000] {processor.py:161} INFO - Started process (PID=335) to work on /opt/airflow/dags/simple_dag.py
[2024-06-25T10:48:05.339+0000] {processor.py:830} INFO - Processing file /opt/airflow/dags/simple_dag.py for tasks to queue
[2024-06-25T10:48:05.341+0000] {logging_mixin.py:188} INFO - [2024-06-25T10:48:05.341+0000] {dagbag.py:545} INFO - Filling up the DagBag from /opt/airflow/dags/simple_dag.py
[2024-06-25T10:48:05.918+0000] {processor.py:840} INFO - DAG(s) 'web_scraping_etl' retrieved from /opt/airflow/dags/simple_dag.py
[2024-06-25T10:48:05.939+0000] {logging_mixin.py:188} INFO - [2024-06-25T10:48:05.938+0000] {dag.py:3096} INFO - Sync 1 DAGs
[2024-06-25T10:48:05.959+0000] {logging_mixin.py:188} INFO - [2024-06-25T10:48:05.959+0000] {dag.py:3954} INFO - Setting next_dagrun for web_scraping_etl to 2024-06-25 00:00:00+00:00, run_after=2024-06-26 00:00:00+00:00
[2024-06-25T10:48:05.979+0000] {processor.py:183} INFO - Processing /opt/airflow/dags/simple_dag.py took 0.650 seconds
[2024-06-25T10:48:36.397+0000] {processor.py:161} INFO - Started process (PID=343) to work on /opt/airflow/dags/simple_dag.py
[2024-06-25T10:48:36.398+0000] {processor.py:830} INFO - Processing file /opt/airflow/dags/simple_dag.py for tasks to queue
[2024-06-25T10:48:36.400+0000] {logging_mixin.py:188} INFO - [2024-06-25T10:48:36.399+0000] {dagbag.py:545} INFO - Filling up the DagBag from /opt/airflow/dags/simple_dag.py
[2024-06-25T10:48:37.095+0000] {processor.py:840} INFO - DAG(s) 'web_scraping_etl' retrieved from /opt/airflow/dags/simple_dag.py
[2024-06-25T10:48:37.115+0000] {logging_mixin.py:188} INFO - [2024-06-25T10:48:37.114+0000] {dag.py:3096} INFO - Sync 1 DAGs
[2024-06-25T10:48:37.130+0000] {logging_mixin.py:188} INFO - [2024-06-25T10:48:37.130+0000] {dag.py:3954} INFO - Setting next_dagrun for web_scraping_etl to 2024-06-25 00:00:00+00:00, run_after=2024-06-26 00:00:00+00:00
[2024-06-25T10:48:37.146+0000] {processor.py:183} INFO - Processing /opt/airflow/dags/simple_dag.py took 0.756 seconds
[2024-06-25T10:49:07.249+0000] {processor.py:161} INFO - Started process (PID=351) to work on /opt/airflow/dags/simple_dag.py
[2024-06-25T10:49:07.250+0000] {processor.py:830} INFO - Processing file /opt/airflow/dags/simple_dag.py for tasks to queue
[2024-06-25T10:49:07.253+0000] {logging_mixin.py:188} INFO - [2024-06-25T10:49:07.252+0000] {dagbag.py:545} INFO - Filling up the DagBag from /opt/airflow/dags/simple_dag.py
[2024-06-25T10:49:07.853+0000] {processor.py:840} INFO - DAG(s) 'web_scraping_etl' retrieved from /opt/airflow/dags/simple_dag.py
[2024-06-25T10:49:07.875+0000] {logging_mixin.py:188} INFO - [2024-06-25T10:49:07.875+0000] {dag.py:3096} INFO - Sync 1 DAGs
[2024-06-25T10:49:07.895+0000] {logging_mixin.py:188} INFO - [2024-06-25T10:49:07.895+0000] {dag.py:3954} INFO - Setting next_dagrun for web_scraping_etl to 2024-06-25 00:00:00+00:00, run_after=2024-06-26 00:00:00+00:00
[2024-06-25T10:49:07.916+0000] {processor.py:183} INFO - Processing /opt/airflow/dags/simple_dag.py took 0.674 seconds
[2024-06-25T10:49:38.222+0000] {processor.py:161} INFO - Started process (PID=359) to work on /opt/airflow/dags/simple_dag.py
[2024-06-25T10:49:38.223+0000] {processor.py:830} INFO - Processing file /opt/airflow/dags/simple_dag.py for tasks to queue
[2024-06-25T10:49:38.226+0000] {logging_mixin.py:188} INFO - [2024-06-25T10:49:38.225+0000] {dagbag.py:545} INFO - Filling up the DagBag from /opt/airflow/dags/simple_dag.py
[2024-06-25T10:49:38.801+0000] {processor.py:840} INFO - DAG(s) 'web_scraping_etl' retrieved from /opt/airflow/dags/simple_dag.py
[2024-06-25T10:49:38.824+0000] {logging_mixin.py:188} INFO - [2024-06-25T10:49:38.824+0000] {dag.py:3096} INFO - Sync 1 DAGs
[2024-06-25T10:49:38.846+0000] {logging_mixin.py:188} INFO - [2024-06-25T10:49:38.846+0000] {dag.py:3954} INFO - Setting next_dagrun for web_scraping_etl to 2024-06-25 00:00:00+00:00, run_after=2024-06-26 00:00:00+00:00
[2024-06-25T10:49:38.866+0000] {processor.py:183} INFO - Processing /opt/airflow/dags/simple_dag.py took 0.651 seconds
[2024-06-25T10:50:09.184+0000] {processor.py:161} INFO - Started process (PID=367) to work on /opt/airflow/dags/simple_dag.py
[2024-06-25T10:50:09.186+0000] {processor.py:830} INFO - Processing file /opt/airflow/dags/simple_dag.py for tasks to queue
[2024-06-25T10:50:09.188+0000] {logging_mixin.py:188} INFO - [2024-06-25T10:50:09.188+0000] {dagbag.py:545} INFO - Filling up the DagBag from /opt/airflow/dags/simple_dag.py
[2024-06-25T10:50:09.776+0000] {processor.py:840} INFO - DAG(s) 'web_scraping_etl' retrieved from /opt/airflow/dags/simple_dag.py
[2024-06-25T10:50:09.798+0000] {logging_mixin.py:188} INFO - [2024-06-25T10:50:09.798+0000] {dag.py:3096} INFO - Sync 1 DAGs
[2024-06-25T10:50:09.817+0000] {logging_mixin.py:188} INFO - [2024-06-25T10:50:09.816+0000] {dag.py:3954} INFO - Setting next_dagrun for web_scraping_etl to 2024-06-25 00:00:00+00:00, run_after=2024-06-26 00:00:00+00:00
[2024-06-25T10:50:09.837+0000] {processor.py:183} INFO - Processing /opt/airflow/dags/simple_dag.py took 0.659 seconds
[2024-06-25T10:50:40.147+0000] {processor.py:161} INFO - Started process (PID=375) to work on /opt/airflow/dags/simple_dag.py
[2024-06-25T10:50:40.148+0000] {processor.py:830} INFO - Processing file /opt/airflow/dags/simple_dag.py for tasks to queue
[2024-06-25T10:50:40.150+0000] {logging_mixin.py:188} INFO - [2024-06-25T10:50:40.150+0000] {dagbag.py:545} INFO - Filling up the DagBag from /opt/airflow/dags/simple_dag.py
[2024-06-25T10:50:40.766+0000] {processor.py:840} INFO - DAG(s) 'web_scraping_etl' retrieved from /opt/airflow/dags/simple_dag.py
[2024-06-25T10:50:40.809+0000] {logging_mixin.py:188} INFO - [2024-06-25T10:50:40.808+0000] {dag.py:3096} INFO - Sync 1 DAGs
[2024-06-25T10:50:40.839+0000] {logging_mixin.py:188} INFO - [2024-06-25T10:50:40.839+0000] {dag.py:3954} INFO - Setting next_dagrun for web_scraping_etl to 2024-06-25 00:00:00+00:00, run_after=2024-06-26 00:00:00+00:00
[2024-06-25T10:50:40.857+0000] {processor.py:183} INFO - Processing /opt/airflow/dags/simple_dag.py took 0.717 seconds
[2024-06-25T10:51:11.162+0000] {processor.py:161} INFO - Started process (PID=383) to work on /opt/airflow/dags/simple_dag.py
[2024-06-25T10:51:11.163+0000] {processor.py:830} INFO - Processing file /opt/airflow/dags/simple_dag.py for tasks to queue
[2024-06-25T10:51:11.165+0000] {logging_mixin.py:188} INFO - [2024-06-25T10:51:11.165+0000] {dagbag.py:545} INFO - Filling up the DagBag from /opt/airflow/dags/simple_dag.py
[2024-06-25T10:51:11.925+0000] {processor.py:840} INFO - DAG(s) 'web_scraping_etl' retrieved from /opt/airflow/dags/simple_dag.py
[2024-06-25T10:51:11.948+0000] {logging_mixin.py:188} INFO - [2024-06-25T10:51:11.948+0000] {dag.py:3096} INFO - Sync 1 DAGs
[2024-06-25T10:51:11.967+0000] {logging_mixin.py:188} INFO - [2024-06-25T10:51:11.967+0000] {dag.py:3954} INFO - Setting next_dagrun for web_scraping_etl to 2024-06-25 00:00:00+00:00, run_after=2024-06-26 00:00:00+00:00
[2024-06-25T10:51:11.993+0000] {processor.py:183} INFO - Processing /opt/airflow/dags/simple_dag.py took 0.836 seconds
[2024-06-25T10:51:42.289+0000] {processor.py:161} INFO - Started process (PID=391) to work on /opt/airflow/dags/simple_dag.py
[2024-06-25T10:51:42.291+0000] {processor.py:830} INFO - Processing file /opt/airflow/dags/simple_dag.py for tasks to queue
[2024-06-25T10:51:42.293+0000] {logging_mixin.py:188} INFO - [2024-06-25T10:51:42.292+0000] {dagbag.py:545} INFO - Filling up the DagBag from /opt/airflow/dags/simple_dag.py
[2024-06-25T10:51:42.847+0000] {processor.py:840} INFO - DAG(s) 'web_scraping_etl' retrieved from /opt/airflow/dags/simple_dag.py
[2024-06-25T10:51:42.869+0000] {logging_mixin.py:188} INFO - [2024-06-25T10:51:42.869+0000] {dag.py:3096} INFO - Sync 1 DAGs
[2024-06-25T10:51:42.887+0000] {logging_mixin.py:188} INFO - [2024-06-25T10:51:42.887+0000] {dag.py:3954} INFO - Setting next_dagrun for web_scraping_etl to 2024-06-25 00:00:00+00:00, run_after=2024-06-26 00:00:00+00:00
[2024-06-25T10:51:42.903+0000] {processor.py:183} INFO - Processing /opt/airflow/dags/simple_dag.py took 0.620 seconds
[2024-06-25T10:52:13.131+0000] {processor.py:161} INFO - Started process (PID=399) to work on /opt/airflow/dags/simple_dag.py
[2024-06-25T10:52:13.132+0000] {processor.py:830} INFO - Processing file /opt/airflow/dags/simple_dag.py for tasks to queue
[2024-06-25T10:52:13.134+0000] {logging_mixin.py:188} INFO - [2024-06-25T10:52:13.134+0000] {dagbag.py:545} INFO - Filling up the DagBag from /opt/airflow/dags/simple_dag.py
[2024-06-25T10:52:13.778+0000] {processor.py:840} INFO - DAG(s) 'web_scraping_etl' retrieved from /opt/airflow/dags/simple_dag.py
[2024-06-25T10:52:13.802+0000] {logging_mixin.py:188} INFO - [2024-06-25T10:52:13.802+0000] {dag.py:3096} INFO - Sync 1 DAGs
[2024-06-25T10:52:13.823+0000] {logging_mixin.py:188} INFO - [2024-06-25T10:52:13.823+0000] {dag.py:3954} INFO - Setting next_dagrun for web_scraping_etl to 2024-06-25 00:00:00+00:00, run_after=2024-06-26 00:00:00+00:00
[2024-06-25T10:52:13.843+0000] {processor.py:183} INFO - Processing /opt/airflow/dags/simple_dag.py took 0.719 seconds
[2024-06-25T10:52:44.145+0000] {processor.py:161} INFO - Started process (PID=408) to work on /opt/airflow/dags/simple_dag.py
[2024-06-25T10:52:44.146+0000] {processor.py:830} INFO - Processing file /opt/airflow/dags/simple_dag.py for tasks to queue
[2024-06-25T10:52:44.148+0000] {logging_mixin.py:188} INFO - [2024-06-25T10:52:44.147+0000] {dagbag.py:545} INFO - Filling up the DagBag from /opt/airflow/dags/simple_dag.py
[2024-06-25T10:52:44.735+0000] {processor.py:840} INFO - DAG(s) 'web_scraping_etl' retrieved from /opt/airflow/dags/simple_dag.py
[2024-06-25T10:52:44.757+0000] {logging_mixin.py:188} INFO - [2024-06-25T10:52:44.757+0000] {dag.py:3096} INFO - Sync 1 DAGs
[2024-06-25T10:52:44.776+0000] {logging_mixin.py:188} INFO - [2024-06-25T10:52:44.776+0000] {dag.py:3954} INFO - Setting next_dagrun for web_scraping_etl to 2024-06-25 00:00:00+00:00, run_after=2024-06-26 00:00:00+00:00
[2024-06-25T10:52:44.796+0000] {processor.py:183} INFO - Processing /opt/airflow/dags/simple_dag.py took 0.656 seconds
[2024-06-25T10:53:15.093+0000] {processor.py:161} INFO - Started process (PID=416) to work on /opt/airflow/dags/simple_dag.py
[2024-06-25T10:53:15.095+0000] {processor.py:830} INFO - Processing file /opt/airflow/dags/simple_dag.py for tasks to queue
[2024-06-25T10:53:15.097+0000] {logging_mixin.py:188} INFO - [2024-06-25T10:53:15.097+0000] {dagbag.py:545} INFO - Filling up the DagBag from /opt/airflow/dags/simple_dag.py
[2024-06-25T10:53:15.732+0000] {processor.py:840} INFO - DAG(s) 'web_scraping_etl' retrieved from /opt/airflow/dags/simple_dag.py
[2024-06-25T10:53:15.755+0000] {logging_mixin.py:188} INFO - [2024-06-25T10:53:15.754+0000] {dag.py:3096} INFO - Sync 1 DAGs
[2024-06-25T10:53:15.783+0000] {logging_mixin.py:188} INFO - [2024-06-25T10:53:15.783+0000] {dag.py:3954} INFO - Setting next_dagrun for web_scraping_etl to 2024-06-25 00:00:00+00:00, run_after=2024-06-26 00:00:00+00:00
[2024-06-25T10:53:15.804+0000] {processor.py:183} INFO - Processing /opt/airflow/dags/simple_dag.py took 0.718 seconds
[2024-06-25T10:53:45.897+0000] {processor.py:161} INFO - Started process (PID=424) to work on /opt/airflow/dags/simple_dag.py
[2024-06-25T10:53:45.898+0000] {processor.py:830} INFO - Processing file /opt/airflow/dags/simple_dag.py for tasks to queue
[2024-06-25T10:53:45.901+0000] {logging_mixin.py:188} INFO - [2024-06-25T10:53:45.900+0000] {dagbag.py:545} INFO - Filling up the DagBag from /opt/airflow/dags/simple_dag.py
[2024-06-25T10:53:46.515+0000] {processor.py:840} INFO - DAG(s) 'web_scraping_etl' retrieved from /opt/airflow/dags/simple_dag.py
[2024-06-25T10:53:46.537+0000] {logging_mixin.py:188} INFO - [2024-06-25T10:53:46.537+0000] {dag.py:3096} INFO - Sync 1 DAGs
[2024-06-25T10:53:46.557+0000] {logging_mixin.py:188} INFO - [2024-06-25T10:53:46.557+0000] {dag.py:3954} INFO - Setting next_dagrun for web_scraping_etl to 2024-06-25 00:00:00+00:00, run_after=2024-06-26 00:00:00+00:00
[2024-06-25T10:53:46.578+0000] {processor.py:183} INFO - Processing /opt/airflow/dags/simple_dag.py took 0.688 seconds
[2024-06-25T10:54:16.868+0000] {processor.py:161} INFO - Started process (PID=432) to work on /opt/airflow/dags/simple_dag.py
[2024-06-25T10:54:16.869+0000] {processor.py:830} INFO - Processing file /opt/airflow/dags/simple_dag.py for tasks to queue
[2024-06-25T10:54:16.871+0000] {logging_mixin.py:188} INFO - [2024-06-25T10:54:16.870+0000] {dagbag.py:545} INFO - Filling up the DagBag from /opt/airflow/dags/simple_dag.py
[2024-06-25T10:54:17.481+0000] {processor.py:840} INFO - DAG(s) 'web_scraping_etl' retrieved from /opt/airflow/dags/simple_dag.py
[2024-06-25T10:54:17.507+0000] {logging_mixin.py:188} INFO - [2024-06-25T10:54:17.506+0000] {dag.py:3096} INFO - Sync 1 DAGs
[2024-06-25T10:54:17.527+0000] {logging_mixin.py:188} INFO - [2024-06-25T10:54:17.527+0000] {dag.py:3954} INFO - Setting next_dagrun for web_scraping_etl to 2024-06-25 00:00:00+00:00, run_after=2024-06-26 00:00:00+00:00
[2024-06-25T10:54:17.547+0000] {processor.py:183} INFO - Processing /opt/airflow/dags/simple_dag.py took 0.686 seconds
